<?xml version="1.0" encoding="utf-8"?><testsuites name="pytest tests"><testsuite name="pytest" errors="0" failures="0" skipped="0" tests="2" time="151.090" timestamp="2026-06-13T16:18:07.661767+00:00" hostname="agent-env-8d3fe3db-493d-4fc1-a46e-0a9084f2f9ac"><testcase classname="backend.tests.test_codebuilder.TestCodebaseGeneration" name="test_generation_returns_immediately" time="0.163" /><testcase classname="backend.tests.test_codebuilder.TestCodebaseGeneration" name="test_generation_progresses_and_completes" time="150.865" /></testsuite></testsuites>