<?xml version="1.0" encoding="utf-8"?><testsuites name="pytest tests"><testsuite name="pytest" errors="0" failures="0" skipped="0" tests="2" time="16.778" timestamp="2026-06-13T16:17:45.318486+00:00" hostname="agent-env-8d3fe3db-493d-4fc1-a46e-0a9084f2f9ac"><testcase classname="backend.tests.test_codebuilder.TestPatch" name="test_patch_progresses_to_pending" time="16.478" /><testcase classname="backend.tests.test_codebuilder.TestPatch" name="test_apply_then_rollback" time="0.240" /></testsuite></testsuites>