<?xml version="1.0" encoding="utf-8"?><testsuites name="pytest tests"><testsuite name="pytest" errors="0" failures="0" skipped="0" tests="12" time="1.392" timestamp="2026-06-13T16:17:39.359509+00:00" hostname="agent-env-8d3fe3db-493d-4fc1-a46e-0a9084f2f9ac"><testcase classname="backend.tests.test_codebuilder.TestAuthBearer" name="test_bearer_returns_user" time="0.242" /><testcase classname="backend.tests.test_codebuilder.TestProjectCreate" name="test_create_with_new_fields" time="0.098" /><testcase classname="backend.tests.test_codebuilder.TestProjectCreate" name="test_list_includes_file_count_and_build_status" time="0.048" /><testcase classname="backend.tests.test_codebuilder.TestFileCRUD" name="test_tree_structure" time="0.090" /><testcase classname="backend.tests.test_codebuilder.TestFileCRUD" name="test_files_list_returns_paths" time="0.045" /><testcase classname="backend.tests.test_codebuilder.TestFileCRUD" name="test_get_file_content" time="0.045" /><testcase classname="backend.tests.test_codebuilder.TestFileCRUD" name="test_upsert_rename_delete_file" time="0.437" /><testcase classname="backend.tests.test_codebuilder.TestBuildCheck" name="test_run_build_check" time="0.045" /><testcase classname="backend.tests.test_codebuilder.TestBuildCheck" name="test_get_latest_build_check" time="0.047" /><testcase classname="backend.tests.test_codebuilder.TestExport" name="test_export_zip" time="0.046" /><testcase classname="backend.tests.test_codebuilder.TestExport" name="test_export_bundle_markdown" time="0.057" /><testcase classname="backend.tests.test_codebuilder.TestChat" name="test_chat_returns_list" time="0.087" /></testsuite></testsuites>