<?xml version="1.0" encoding="utf-8"?><testsuites name="pytest tests"><testsuite name="pytest" errors="0" failures="0" skipped="0" tests="23" time="265.355" timestamp="2026-06-12T07:23:26.898517+00:00" hostname="agent-env-8d3fe3db-493d-4fc1-a46e-0a9084f2f9ac"><testcase classname="backend.tests.test_omnivibe_backend.TestGeneration" name="test_generate_prd" time="60.417" /><testcase classname="backend.tests.test_omnivibe_backend.TestGeneration" name="test_generate_screens" time="60.178" /><testcase classname="backend.tests.test_omnivibe_backend.TestGeneration" name="test_generate_schemas" time="60.164" /><testcase classname="backend.tests.test_omnivibe_backend.TestGeneration" name="test_generate_testing" time="21.647" /><testcase classname="backend.tests.test_omnivibe_backend.TestGeneration" name="test_generate_build_prompt" time="60.177" /><testcase classname="backend.tests.test_omnivibe_backend.TestAuth" name="test_auth_me_ok" time="0.044" /><testcase classname="backend.tests.test_omnivibe_backend.TestAuth" name="test_projects_requires_auth" time="0.139" /><testcase classname="backend.tests.test_omnivibe_backend.TestAuth" name="test_invalid_token_401" time="0.100" /><testcase classname="backend.tests.test_omnivibe_backend.TestOwnership" name="test_user2_cannot_see_user1_project" time="0.147" /><testcase classname="backend.tests.test_omnivibe_backend.TestOwnership" name="test_user2_cannot_update_user1_project" time="0.083" /><testcase classname="backend.tests.test_omnivibe_backend.TestOwnership" name="test_user2_project_list_isolated" time="0.081" /><testcase classname="backend.tests.test_omnivibe_backend.TestHistory" name="test_history_returns_list" time="0.042" /><testcase classname="backend.tests.test_omnivibe_backend.TestFeatures" name="test_update_feature_recomputes_progress" time="0.297" /><testcase classname="backend.tests.test_omnivibe_backend.TestExportEarly" name="test_export_unknown_doc_404" time="0.044" /><testcase classname="backend.tests.test_omnivibe_backend.TestPRDEditor" name="test_put_prd_bumps_version" time="0.182" /><testcase classname="backend.tests.test_omnivibe_backend.TestChecklistToggle" name="test_toggle_testing_item_persists" time="0.133" /><testcase classname="backend.tests.test_omnivibe_backend.TestChecklistToggle" name="test_toggle_invalid_item_404" time="0.084" /><testcase classname="backend.tests.test_omnivibe_backend.TestExportFull" name="test_export_markdown[prd]" time="0.055" /><testcase classname="backend.tests.test_omnivibe_backend.TestExportFull" name="test_export_markdown[features]" time="0.045" /><testcase classname="backend.tests.test_omnivibe_backend.TestExportFull" name="test_export_markdown[schemas]" time="0.045" /><testcase classname="backend.tests.test_omnivibe_backend.TestExportFull" name="test_export_markdown[testing]" time="0.047" /><testcase classname="backend.tests.test_omnivibe_backend.TestExportFull" name="test_export_pdf[prd]" time="0.529" /><testcase classname="backend.tests.test_omnivibe_backend.TestExportFull" name="test_export_pdf[schemas]" time="0.573" /></testsuite></testsuites>